<?xml version="1.0" encoding="UTF-8"?>
<testng-results ignored="0" total="1" passed="1" failed="0" skipped="0">
  <reporter-output>
  </reporter-output>
  <suite started-at="2024-03-10T23:28:18 IST" name="Default suite" finished-at="2024-03-10T23:28:44 IST" duration-ms="25808">
    <groups>
    </groups>
    <test started-at="2024-03-10T23:28:18 IST" name="Default test" finished-at="2024-03-10T23:28:44 IST" duration-ms="25808">
      <class name="UploadFile">
        <test-method signature="uploadDataFile()[pri:0, instance:UploadFile@6ca8564a]" started-at="2024-03-10T23:28:18 IST" name="uploadDataFile" finished-at="2024-03-10T23:28:44 IST" duration-ms="25759" status="PASS">
          <reporter-output>
          </reporter-output>
        </test-method> <!-- uploadDataFile -->
      </class> <!-- UploadFile -->
    </test> <!-- Default test -->
  </suite> <!-- Default suite -->
</testng-results>
