<?xml version="1.0" encoding="UTF-8"?>
<testng-results ignored="0" total="1" passed="1" failed="0" skipped="0">
  <reporter-output>
  </reporter-output>
  <suite started-at="2024-01-25T17:38:49 IST" name="Default suite" finished-at="2024-01-25T17:38:55 IST" duration-ms="5886">
    <groups>
    </groups>
    <test started-at="2024-01-25T17:38:49 IST" name="Default test" finished-at="2024-01-25T17:38:55 IST" duration-ms="5886">
      <class name="Test1">
        <test-method signature="browser()[pri:0, instance:Test1@6ca8564a]" started-at="2024-01-25T17:38:49 IST" name="browser" finished-at="2024-01-25T17:38:55 IST" duration-ms="5843" status="PASS">
          <reporter-output>
          </reporter-output>
        </test-method> <!-- browser -->
      </class> <!-- Test1 -->
    </test> <!-- Default test -->
  </suite> <!-- Default suite -->
</testng-results>
